\BOOKMARK [1][-]{section.1}{Introduction}{}% 1
\BOOKMARK [1][-]{section.2}{Hyperbolic Gluing}{}% 2
\BOOKMARK [2][-]{subsection.3}{The Ansatz}{section.2}% 3
\BOOKMARK [2][-]{subsection.9}{Spliting the error}{section.2}% 4
\BOOKMARK [2][-]{subsection.10}{Equation of the corrector and estimates}{section.2}% 5
\BOOKMARK [1][-]{section.14}{Non-hyperbolic Gluing}{}% 6
\BOOKMARK [2][-]{subsection.15}{A decoupled system}{section.14}% 7
\BOOKMARK [2][-]{subsection.19}{Equation with more general nonlinear terms}{section.14}% 8
\BOOKMARK [3][-]{subsubsection.22}{Construction of the center manifold}{subsection.19}% 9
\BOOKMARK [3][-]{subsubsection.25}{Functional framework}{subsection.19}% 10
\BOOKMARK [3][-]{subsubsection.26}{Nonhyperbolic gluing by explicit construction of the center manifold}{subsection.19}% 11
\BOOKMARK [1][-]{section.50}{Model problem for passage through the fold}{}% 12
\BOOKMARK [2][-]{subsection.63}{function spaces}{section.50}% 13
\BOOKMARK [2][-]{subsection.66}{Contraction mapping}{section.50}% 14
\BOOKMARK [1][-]{section.67}{Cheat Sheet for rescaling of times}{}% 15
\BOOKMARK [2][-]{subsection.70}{Region I}{section.67}% 16
\BOOKMARK [2][-]{subsection.71}{Region II}{section.67}% 17
\BOOKMARK [1][-]{section.72}{Gluing}{}% 18
\BOOKMARK [2][-]{subsection.74}{Fixed point arguments-set up for Wminus}{section.72}% 19
\BOOKMARK [2][-]{subsection.86}{Fixed point argument-set up for Wplus}{section.72}% 20
