\BOOKMARK [1][-]{section.1}{Introduction}{}% 1
\BOOKMARK [1][-]{section.2}{Model problem for passage through the fold}{}% 2
\BOOKMARK [1][-]{section.12}{summary for set up}{}% 3
\BOOKMARK [2][-]{subsection.15}{The Riccati solution}{section.12}% 4
\BOOKMARK [2][-]{subsection.17}{The t to sigma time rescaling}{section.12}% 5
\BOOKMARK [2][-]{subsection.18}{Region I}{section.12}% 6
\BOOKMARK [3][-]{subsubsection.19}{Important times}{subsection.18}% 7
\BOOKMARK [3][-]{subsubsection.20}{ansatz in region I}{subsection.18}% 8
\BOOKMARK [3][-]{subsubsection.28}{equation for ansatz in region I}{subsection.18}% 9
\BOOKMARK [2][-]{subsection.29}{Region II}{section.12}% 10
\BOOKMARK [3][-]{subsubsection.30}{Important times}{subsection.29}% 11
\BOOKMARK [3][-]{subsubsection.31}{ansatz in region II}{subsection.29}% 12
\BOOKMARK [3][-]{subsubsection.38}{Distribute equations for ansatz in region II}{subsection.29}% 13
\BOOKMARK [3][-]{subsubsection.39}{Equation for Wr}{subsection.29}% 14
\BOOKMARK [3][-]{subsubsection.41}{Equation for Wb}{subsection.29}% 15
\BOOKMARK [3][-]{subsubsection.43}{Linear Equation and Norms}{subsection.29}% 16
\BOOKMARK [1][-]{section.49}{Gluing}{}% 17
\BOOKMARK [2][-]{subsection.50}{Linear equation.}{section.49}% 18
\BOOKMARK [2][-]{subsection.54}{Fixed point arguments-set up for Wright}{section.49}% 19
\BOOKMARK [2][-]{subsection.57}{Estimates for Wzero }{section.49}% 20
\BOOKMARK [2][-]{subsection.58}{Fixed point argument-set up for Wplus}{section.49}% 21
